<?xml version="1.0" encoding="UTF-8"?>
<testsuite xmlns:xsi="http://www.w3.org/2001/XMLSchema-instance" xsi:noNamespaceSchemaLocation="https://maven.apache.org/surefire/maven-surefire-plugin/xsd/surefire-test-report-3.0.xsd" version="3.0" name="com.mycompany.poepartone.LoginTest" time="0.175" tests="14" errors="0" skipped="0" failures="0">
  <properties>
    <property name="java.specification.version" value="23"/>
    <property name="sun.cpu.isalist" value="amd64"/>
    <property name="sun.jnu.encoding" value="Cp1252"/>
    <property name="java.class.path" value="C:\Users\HP\OneDrive\Documentos\_Rosebank College\Modules\PROG5121 - Programming 1A\Assessments\Assessments 1\POEPartOne\target\test-classes;C:\Users\HP\OneDrive\Documentos\_Rosebank College\Modules\PROG5121 - Programming 1A\Assessments\Assessments 1\POEPartOne\target\classes;C:\Users\HP\.m2\repository\org\junit\jupiter\junit-jupiter-api\5.6.0\junit-jupiter-api-5.6.0.jar;C:\Users\HP\.m2\repository\org\apiguardian\apiguardian-api\1.1.0\apiguardian-api-1.1.0.jar;C:\Users\HP\.m2\repository\org\opentest4j\opentest4j\1.2.0\opentest4j-1.2.0.jar;C:\Users\HP\.m2\repository\org\junit\platform\junit-platform-commons\1.6.0\junit-platform-commons-1.6.0.jar;C:\Users\HP\.m2\repository\org\junit\jupiter\junit-jupiter-params\5.6.0\junit-jupiter-params-5.6.0.jar;C:\Users\HP\.m2\repository\org\junit\jupiter\junit-jupiter-engine\5.6.0\junit-jupiter-engine-5.6.0.jar;C:\Users\HP\.m2\repository\org\junit\platform\junit-platform-engine\1.6.0\junit-platform-engine-1.6.0.jar;"/>
    <property name="java.vm.vendor" value="Oracle Corporation"/>
    <property name="sun.arch.data.model" value="64"/>
    <property name="user.variant" value=""/>
    <property name="java.vendor.url" value="https://java.oracle.com/"/>
    <property name="user.timezone" value="Africa/Johannesburg"/>
    <property name="os.name" value="Windows 11"/>
    <property name="java.vm.specification.version" value="23"/>
    <property name="user.country" value="BR"/>
    <property name="sun.java.launcher" value="SUN_STANDARD"/>
    <property name="sun.boot.library.path" value="C:\Program Files\Java\jdk-23\bin"/>
    <property name="sun.java.command" value="C:\Users\HP\AppData\Local\Temp\surefire7459973016825545976\surefirebooter-20250414153432350_3.jar C:\Users\HP\AppData\Local\Temp\surefire7459973016825545976 2025-04-14T15-34-31_854-jvmRun1 surefire-20250414153432350_1tmp surefire_0-20250414153432350_2tmp"/>
    <property name="jdk.debug" value="release"/>
    <property name="test" value="com.mycompany.poepartone.LoginTest"/>
    <property name="surefire.test.class.path" value="C:\Users\HP\OneDrive\Documentos\_Rosebank College\Modules\PROG5121 - Programming 1A\Assessments\Assessments 1\POEPartOne\target\test-classes;C:\Users\HP\OneDrive\Documentos\_Rosebank College\Modules\PROG5121 - Programming 1A\Assessments\Assessments 1\POEPartOne\target\classes;C:\Users\HP\.m2\repository\org\junit\jupiter\junit-jupiter-api\5.6.0\junit-jupiter-api-5.6.0.jar;C:\Users\HP\.m2\repository\org\apiguardian\apiguardian-api\1.1.0\apiguardian-api-1.1.0.jar;C:\Users\HP\.m2\repository\org\opentest4j\opentest4j\1.2.0\opentest4j-1.2.0.jar;C:\Users\HP\.m2\repository\org\junit\platform\junit-platform-commons\1.6.0\junit-platform-commons-1.6.0.jar;C:\Users\HP\.m2\repository\org\junit\jupiter\junit-jupiter-params\5.6.0\junit-jupiter-params-5.6.0.jar;C:\Users\HP\.m2\repository\org\junit\jupiter\junit-jupiter-engine\5.6.0\junit-jupiter-engine-5.6.0.jar;C:\Users\HP\.m2\repository\org\junit\platform\junit-platform-engine\1.6.0\junit-platform-engine-1.6.0.jar;"/>
    <property name="sun.cpu.endian" value="little"/>
    <property name="user.home" value="C:\Users\HP"/>
    <property name="user.language" value="pt"/>
    <property name="java.specification.vendor" value="Oracle Corporation"/>
    <property name="java.version.date" value="2025-01-21"/>
    <property name="java.home" value="C:\Program Files\Java\jdk-23"/>
    <property name="file.separator" value="\"/>
    <property name="basedir" value="C:\Users\HP\OneDrive\Documentos\_Rosebank College\Modules\PROG5121 - Programming 1A\Assessments\Assessments 1\POEPartOne"/>
    <property name="java.vm.compressedOopsMode" value="32-bit"/>
    <property name="line.separator" value="&#10;"/>
    <property name="java.vm.specification.vendor" value="Oracle Corporation"/>
    <property name="java.specification.name" value="Java Platform API Specification"/>
    <property name="surefire.real.class.path" value="C:\Users\HP\AppData\Local\Temp\surefire7459973016825545976\surefirebooter-20250414153432350_3.jar"/>
    <property name="user.script" value=""/>
    <property name="sun.management.compiler" value="HotSpot 64-Bit Tiered Compilers"/>
    <property name="java.runtime.version" value="23.0.2+7-58"/>
    <property name="user.name" value="HP"/>
    <property name="stdout.encoding" value="Cp1252"/>
    <property name="path.separator" value=";"/>
    <property name="os.version" value="10.0"/>
    <property name="java.runtime.name" value="Java(TM) SE Runtime Environment"/>
    <property name="file.encoding" value="UTF-8"/>
    <property name="java.vm.name" value="Java HotSpot(TM) 64-Bit Server VM"/>
    <property name="maven.ext.class.path" value="C:\Program Files\NetBeans-20\netbeans\java\maven-nblib\netbeans-eventspy.jar"/>
    <property name="localRepository" value="C:\Users\HP\.m2\repository"/>
    <property name="java.vendor.url.bug" value="https://bugreport.java.com/bugreport/"/>
    <property name="java.io.tmpdir" value="C:\Users\HP\AppData\Local\Temp\"/>
    <property name="java.version" value="23.0.2"/>
    <property name="user.dir" value="C:\Users\HP\OneDrive\Documentos\_Rosebank College\Modules\PROG5121 - Programming 1A\Assessments\Assessments 1\POEPartOne"/>
    <property name="os.arch" value="amd64"/>
    <property name="java.vm.specification.name" value="Java Virtual Machine Specification"/>
    <property name="sun.os.patch.level" value=""/>
    <property name="native.encoding" value="Cp1252"/>
    <property name="java.library.path" value="C:\Program Files\Java\jdk-23\bin;C:\Windows\Sun\Java\bin;C:\Windows\system32;C:\Windows;C:\Program Files\Common Files\Oracle\Java\javapath;C:\Users\HP\AppData\Local\Programs\Python\Python312\Scripts\;C:\Users\HP\AppData\Local\Programs\Python\Python312\;C:\Windows\system32;C:\Windows;C:\Windows\System32\Wbem;C:\Windows\System32\WindowsPowerShell\v1.0\;C:\Windows\System32\OpenSSH\;C:\Program Files\Git\cmd;C:\ProgramData\ComposerSetup\bin;C:\xampp\php;C:\Program Files\dotnet\;C:\ProgramData\chocolatey\bin;C:\Program Files\nodejs\;C:\Program Files\Microsoft SQL Server\150\Tools\Binn\;C:\Program Files\Microsoft SQL Server\Client SDK\ODBC\170\Tools\Binn\;C:\Users\HP\AppData\Local\Microsoft\WindowsApps;C:\Users\HP\AppData\Local\Programs\Microsoft VS Code\bin;C:\Users\HP\AppData\Local\Android\Sdk\platform-tools;C:\Users\HP\AppData\Roaming\Composer\vendor\bin;C:\xampp\php;C:\Users\HP\AppData\Local\GitHubDesktop\bin;C:\Users\HP\AppData\Local\Microsoft\WinGet\Links;C:\Users\HP\AppData\Roaming\npm;C:\Users\HP\.dotnet\tools;C:\Program Files\Java\jdk-23\bin;C:\Users\HP\.jdks\openjdk-18.0.2\bin;;."/>
    <property name="java.vm.info" value="mixed mode, sharing"/>
    <property name="stderr.encoding" value="Cp1252"/>
    <property name="java.vendor" value="Oracle Corporation"/>
    <property name="java.vm.version" value="23.0.2+7-58"/>
    <property name="sun.io.unicode.encoding" value="UnicodeLittle"/>
    <property name="java.class.version" value="67.0"/>
  </properties>
  <testcase name="testRegisterUser_AllValid" classname="com.mycompany.poepartone.LoginTest" time="0.067"/>
  <testcase name="testReturnLoginStatus_Success" classname="com.mycompany.poepartone.LoginTest" time="0.02"/>
  <testcase name="testCheckPasswordComplexity_Invalid" classname="com.mycompany.poepartone.LoginTest" time="0.005"/>
  <testcase name="testReturnLoginStatus_Failure" classname="com.mycompany.poepartone.LoginTest" time="0.003"/>
  <testcase name="testLoginUser_Success" classname="com.mycompany.poepartone.LoginTest" time="0.003"/>
  <testcase name="testCheckCellPhoneNumber_Valid" classname="com.mycompany.poepartone.LoginTest" time="0.003"/>
  <testcase name="testCheckPasswordComplexity_Valid" classname="com.mycompany.poepartone.LoginTest" time="0.002"/>
  <testcase name="testRegisterUser_InvalidUsername" classname="com.mycompany.poepartone.LoginTest" time="0.003"/>
  <testcase name="testRegisterUser_InvalidCellPhone" classname="com.mycompany.poepartone.LoginTest" time="0.002"/>
  <testcase name="testLoginUser_Failure" classname="com.mycompany.poepartone.LoginTest" time="0.001"/>
  <testcase name="testCheckUserName_Invalid" classname="com.mycompany.poepartone.LoginTest" time="0.002"/>
  <testcase name="testCheckCellPhoneNumber_Invalid" classname="com.mycompany.poepartone.LoginTest" time="0.002"/>
  <testcase name="testRegisterUser_InvalidPassword" classname="com.mycompany.poepartone.LoginTest" time="0.002"/>
  <testcase name="testCheckUserName_Valid" classname="com.mycompany.poepartone.LoginTest" time="0.002"/>
</testsuite>